[    69.282] (--) Log file renamed from "/home/tu/.local/share/xorg/Xorg.pid-1407.log" to "/home/tu/.local/share/xorg/Xorg.0.log"
[    69.283] 
X.Org X Server 1.20.1
X Protocol Version 11, Revision 0
[    69.283] Build Operating System: Linux 4.4.0-140-generic x86_64 Ubuntu
[    69.283] Current Operating System: Linux tu-Latitude-E6420 4.18.0-25-generic #26~18.04.1-Ubuntu SMP Thu Jun 27 07:28:31 UTC 2019 x86_64
[    69.283] Kernel command line: BOOT_IMAGE=/boot/vmlinuz-4.18.0-25-generic root=UUID=3096d230-ee89-4462-a640-79c972448cff ro quiet splash vt.handoff=1
[    69.283] Build Date: 27 November 2018  05:27:12PM
[    69.283] xorg-server-hwe-18.04 2:1.20.1-3ubuntu2.1~18.04.1 (For technical support please see http://www.ubuntu.com/support) 
[    69.283] Current version of pixman: 0.34.0
[    69.283] 	Before reporting problems, check http://wiki.x.org
	to make sure that you have the latest version.
[    69.283] Markers: (--) probed, (**) from config file, (==) default setting,
	(++) from command line, (!!) notice, (II) informational,
	(WW) warning, (EE) error, (NI) not implemented, (??) unknown.
[    69.283] (==) Log file: "/home/tu/.local/share/xorg/Xorg.0.log", Time: Tue Jul 30 15:05:15 2019
[    69.284] (==) Using system config directory "/usr/share/X11/xorg.conf.d"
[    69.287] (==) No Layout section.  Using the first Screen section.
[    69.287] (==) No screen section available. Using defaults.
[    69.287] (**) |-->Screen "Default Screen Section" (0)
[    69.287] (**) |   |-->Monitor "<default monitor>"
[    69.289] (==) No monitor specified for screen "Default Screen Section".
	Using a default monitor configuration.
[    69.289] (==) Automatically adding devices
[    69.289] (==) Automatically enabling devices
[    69.289] (==) Automatically adding GPU devices
[    69.289] (==) Automatically binding GPU devices
[    69.289] (==) Max clients allowed: 256, resource mask: 0x1fffff
[    69.289] (WW) The directory "/usr/share/fonts/X11/cyrillic" does not exist.
[    69.289] 	Entry deleted from font path.
[    69.289] (WW) The directory "/usr/share/fonts/X11/100dpi/" does not exist.
[    69.289] 	Entry deleted from font path.
[    69.289] (WW) The directory "/usr/share/fonts/X11/75dpi/" does not exist.
[    69.289] 	Entry deleted from font path.
[    69.289] (WW) The directory "/usr/share/fonts/X11/100dpi" does not exist.
[    69.289] 	Entry deleted from font path.
[    69.289] (WW) The directory "/usr/share/fonts/X11/75dpi" does not exist.
[    69.289] 	Entry deleted from font path.
[    69.289] (==) FontPath set to:
	/usr/share/fonts/X11/misc,
	/usr/share/fonts/X11/Type1,
	built-ins
[    69.289] (==) ModulePath set to "/usr/lib/xorg/modules"
[    69.289] (II) The server relies on udev to provide the list of input devices.
	If no devices become available, reconfigure udev or disable AutoAddDevices.
[    69.289] (II) Loader magic: 0x564a651d3020
[    69.289] (II) Module ABI versions:
[    69.289] 	X.Org ANSI C Emulation: 0.4
[    69.289] 	X.Org Video Driver: 24.0
[    69.289] 	X.Org XInput driver : 24.1
[    69.289] 	X.Org Server Extension : 10.0
[    69.290] (++) using VT number 2

[    69.294] (II) systemd-logind: took control of session /org/freedesktop/login1/session/_32
[    69.296] (II) xfree86: Adding drm device (/dev/dri/card0)
[    69.297] (II) systemd-logind: got fd for /dev/dri/card0 226:0 fd 12 paused 0
[    69.302] (--) PCI:*(0@0:2:0) 8086:0126:1028:0493 rev 9, Mem @ 0xe1400000/4194304, 0xd0000000/268435456, I/O @ 0x00004000/64, BIOS @ 0x????????/131072
[    69.302] (II) LoadModule: "glx"
[    69.303] (II) Loading /usr/lib/xorg/modules/extensions/libglx.so
[    69.305] (II) Module glx: vendor="X.Org Foundation"
[    69.305] 	compiled for 1.20.1, module version = 1.0.0
[    69.305] 	ABI class: X.Org Server Extension, version 10.0
[    69.305] (==) Matched modesetting as autoconfigured driver 0
[    69.305] (==) Matched fbdev as autoconfigured driver 1
[    69.305] (==) Matched vesa as autoconfigured driver 2
[    69.305] (==) Assigned the driver to the xf86ConfigLayout
[    69.305] (II) LoadModule: "modesetting"
[    69.307] (II) Loading /usr/lib/xorg/modules/drivers/modesetting_drv.so
[    69.308] (II) Module modesetting: vendor="X.Org Foundation"
[    69.308] 	compiled for 1.20.1, module version = 1.20.1
[    69.308] 	Module class: X.Org Video Driver
[    69.308] 	ABI class: X.Org Video Driver, version 24.0
[    69.308] (II) LoadModule: "fbdev"
[    69.308] (II) Loading /usr/lib/xorg/modules/drivers/fbdev_drv.so
[    69.309] (II) Module fbdev: vendor="X.Org Foundation"
[    69.309] 	compiled for 1.20.1, module version = 0.5.0
[    69.309] 	Module class: X.Org Video Driver
[    69.309] 	ABI class: X.Org Video Driver, version 24.0
[    69.309] (II) LoadModule: "vesa"
[    69.310] (II) Loading /usr/lib/xorg/modules/drivers/vesa_drv.so
[    69.310] (II) Module vesa: vendor="X.Org Foundation"
[    69.310] 	compiled for 1.20.1, module version = 2.4.0
[    69.310] 	Module class: X.Org Video Driver
[    69.310] 	ABI class: X.Org Video Driver, version 24.0
[    69.310] (II) modesetting: Driver for Modesetting Kernel Drivers: kms
[    69.310] (II) FBDEV: driver for framebuffer: fbdev
[    69.311] (II) VESA: driver for VESA chipsets: vesa
[    69.311] xf86EnableIOPorts: failed to set IOPL for I/O (Operation not permitted)
[    69.311] (II) modeset(0): using drv /dev/dri/card0
[    69.311] (WW) Falling back to old probe method for fbdev
[    69.311] (II) Loading sub module "fbdevhw"
[    69.311] (II) LoadModule: "fbdevhw"
[    69.311] (II) Loading /usr/lib/xorg/modules/libfbdevhw.so
[    69.311] (II) Module fbdevhw: vendor="X.Org Foundation"
[    69.311] 	compiled for 1.20.1, module version = 0.0.2
[    69.311] 	ABI class: X.Org Video Driver, version 24.0
[    69.311] (EE) open /dev/fb0: Permission denied
[    69.311] (WW) VGA arbiter: cannot open kernel arbiter, no multi-card support
[    69.312] (II) modeset(0): Creating default Display subsection in Screen section
	"Default Screen Section" for depth/fbbpp 24/32
[    69.312] (==) modeset(0): Depth 24, (==) framebuffer bpp 32
[    69.312] (==) modeset(0): RGB weight 888
[    69.312] (==) modeset(0): Default visual is TrueColor
[    69.312] (II) Loading sub module "glamoregl"
[    69.312] (II) LoadModule: "glamoregl"
[    69.312] (II) Loading /usr/lib/xorg/modules/libglamoregl.so
[    69.317] (II) Module glamoregl: vendor="X.Org Foundation"
[    69.317] 	compiled for 1.20.1, module version = 1.0.1
[    69.317] 	ABI class: X.Org ANSI C Emulation, version 0.4
[    69.336] (II) modeset(0): glamor X acceleration enabled on Mesa DRI Intel(R) Sandybridge Mobile 
[    69.336] (II) modeset(0): glamor initialized
[    69.336] (II) modeset(0): Output LVDS-1 has no monitor section
[    69.337] (II) modeset(0): Output VGA-1 has no monitor section
[    69.339] (II) modeset(0): Output HDMI-1 has no monitor section
[    69.339] (II) modeset(0): Output DP-1 has no monitor section
[    69.340] (II) modeset(0): Output HDMI-2 has no monitor section
[    69.342] (II) modeset(0): Output HDMI-3 has no monitor section
[    69.342] (II) modeset(0): Output DP-2 has no monitor section
[    69.342] (II) modeset(0): Output DP-3 has no monitor section
[    69.349] (II) modeset(0): EDID for output LVDS-1
[    69.349] (II) modeset(0): Manufacturer: LGD  Model: 2eb  Serial#: 0
[    69.349] (II) modeset(0): Year: 2010  Week: 0
[    69.349] (II) modeset(0): EDID Version: 1.4
[    69.349] (II) modeset(0): Digital Display Input
[    69.349] (II) modeset(0): 6 bits per channel
[    69.349] (II) modeset(0): Digital interface is undefined
[    69.349] (II) modeset(0): Max Image Size [cm]: horiz.: 31  vert.: 17
[    69.349] (II) modeset(0): Gamma: 2.20
[    69.349] (II) modeset(0): No DPMS capabilities specified
[    69.349] (II) modeset(0): Supported color encodings: RGB 4:4:4 YCrCb 4:4:4 
[    69.349] (II) modeset(0): First detailed timing is preferred mode
[    69.349] (II) modeset(0): Preferred mode is native pixel format and refresh rate
[    69.349] (II) modeset(0): redX: 0.592 redY: 0.347   greenX: 0.337 greenY: 0.562
[    69.349] (II) modeset(0): blueX: 0.154 blueY: 0.123   whiteX: 0.313 whiteY: 0.329
[    69.349] (II) modeset(0): Manufacturer's mask: 0
[    69.349] (II) modeset(0): Supported detailed timing:
[    69.349] (II) modeset(0): clock: 70.0 MHz   Image Size:  309 x 174 mm
[    69.349] (II) modeset(0): h_active: 1366  h_sync: 1402  h_sync_end 1450 h_blank_end 1492 h_border: 0
[    69.349] (II) modeset(0): v_active: 768  v_sync: 771  v_sync_end 776 v_blanking: 782 v_border: 0
[    69.349] (II) modeset(0): Supported detailed timing:
[    69.349] (II) modeset(0): clock: 48.3 MHz   Image Size:  309 x 174 mm
[    69.350] (II) modeset(0): h_active: 1366  h_sync: 1402  h_sync_end 1450 h_blank_end 1524 h_border: 0
[    69.350] (II) modeset(0): v_active: 768  v_sync: 771  v_sync_end 776 v_blanking: 792 v_border: 0
[    69.350] (II) modeset(0):  KJ262€140WH4
[    69.350] (II) modeset(0): Unknown vendor-specific block 0
[    69.350] (II) modeset(0): EDID (in hex):
[    69.350] (II) modeset(0): 	00ffffffffffff0030e4eb0200000000
[    69.350] (II) modeset(0): 	00140104901f11780ab7a59758568f27
[    69.350] (II) modeset(0): 	1f505400000001010101010101010101
[    69.350] (II) modeset(0): 	010101010101581b567e50000e302430
[    69.350] (II) modeset(0): 	350035ae10000019de12569e50001830
[    69.350] (II) modeset(0): 	2430350035ae10000019000000fe004b
[    69.350] (II) modeset(0): 	4a323632803134305748340a00000000
[    69.350] (II) modeset(0): 	00004131940000000001010a20200094
[    69.350] (II) modeset(0): Printing probed modes for output LVDS-1
[    69.350] (II) modeset(0): Modeline "1366x768"x60.0   70.00  1366 1402 1450 1492  768 771 776 782 -hsync -vsync (46.9 kHz eP)
[    69.350] (II) modeset(0): Modeline "1366x768"x40.0   48.30  1366 1402 1450 1524  768 771 776 792 -hsync -vsync (31.7 kHz e)
[    69.350] (II) modeset(0): Modeline "1360x768"x59.8   84.75  1360 1432 1568 1776  768 771 781 798 -hsync +vsync (47.7 kHz d)
[    69.350] (II) modeset(0): Modeline "1360x768"x60.0   72.00  1360 1408 1440 1520  768 771 781 790 +hsync -vsync (47.4 kHz d)
[    69.350] (II) modeset(0): Modeline "1280x720"x120.0  156.12  1280 1376 1512 1744  720 721 724 746 doublescan -hsync +vsync (89.5 kHz d)
[    69.350] (II) modeset(0): Modeline "1280x720"x120.0  120.75  1280 1304 1320 1360  720 721 724 740 doublescan +hsync -vsync (88.8 kHz d)
[    69.350] (II) modeset(0): Modeline "1280x720"x59.9   74.50  1280 1344 1472 1664  720 723 728 748 -hsync +vsync (44.8 kHz d)
[    69.350] (II) modeset(0): Modeline "1280x720"x59.7   63.75  1280 1328 1360 1440  720 723 728 741 +hsync -vsync (44.3 kHz d)
[    69.350] (II) modeset(0): Modeline "1024x768"x120.1  133.47  1024 1100 1212 1400  768 768 770 794 doublescan -hsync +vsync (95.3 kHz d)
[    69.350] (II) modeset(0): Modeline "1024x768"x60.0   65.00  1024 1048 1184 1344  768 771 777 806 -hsync -vsync (48.4 kHz d)
[    69.350] (II) modeset(0): Modeline "960x720"x120.0  117.00  960 1024 1128 1300  720 720 722 750 doublescan -hsync +vsync (90.0 kHz d)
[    69.350] (II) modeset(0): Modeline "928x696"x120.1  109.15  928 976 1088 1264  696 696 698 719 doublescan -hsync +vsync (86.4 kHz d)
[    69.350] (II) modeset(0): Modeline "896x672"x120.0  102.40  896 960 1060 1224  672 672 674 697 doublescan -hsync +vsync (83.7 kHz d)
[    69.350] (II) modeset(0): Modeline "1024x576"x119.9   98.50  1024 1092 1200 1376  576 577 580 597 doublescan -hsync +vsync (71.6 kHz d)
[    69.350] (II) modeset(0): Modeline "1024x576"x119.9   78.38  1024 1048 1064 1104  576 577 580 592 doublescan +hsync -vsync (71.0 kHz d)
[    69.350] (II) modeset(0): Modeline "1024x576"x59.9   46.50  1024 1064 1160 1296  576 579 584 599 -hsync +vsync (35.9 kHz d)
[    69.350] (II) modeset(0): Modeline "1024x576"x59.8   42.00  1024 1072 1104 1184  576 579 584 593 +hsync -vsync (35.5 kHz d)
[    69.350] (II) modeset(0): Modeline "960x600"x119.9   96.62  960 1028 1128 1296  600 601 604 622 doublescan -hsync +vsync (74.6 kHz d)
[    69.350] (II) modeset(0): Modeline "960x600"x120.0   77.00  960 984 1000 1040  600 601 604 617 doublescan +hsync -vsync (74.0 kHz d)
[    69.350] (II) modeset(0): Modeline "960x540"x119.9   86.50  960 1024 1124 1288  540 541 544 560 doublescan -hsync +vsync (67.2 kHz d)
[    69.350] (II) modeset(0): Modeline "960x540"x120.0   69.25  960 984 1000 1040  540 541 544 555 doublescan +hsync -vsync (66.6 kHz d)
[    69.350] (II) modeset(0): Modeline "960x540"x59.6   40.75  960 992 1088 1216  540 543 548 562 -hsync +vsync (33.5 kHz d)
[    69.350] (II) modeset(0): Modeline "960x540"x59.8   37.25  960 1008 1040 1120  540 543 548 556 +hsync -vsync (33.3 kHz d)
[    69.350] (II) modeset(0): Modeline "800x600"x120.0   81.00  800 832 928 1080  600 600 602 625 doublescan +hsync +vsync (75.0 kHz d)
[    69.350] (II) modeset(0): Modeline "800x600"x60.3   40.00  800 840 968 1056  600 601 605 628 +hsync +vsync (37.9 kHz d)
[    69.350] (II) modeset(0): Modeline "800x600"x56.2   36.00  800 824 896 1024  600 601 603 625 +hsync +vsync (35.2 kHz d)
[    69.350] (II) modeset(0): Modeline "840x525"x120.0   73.12  840 892 980 1120  525 526 529 544 doublescan -hsync +vsync (65.3 kHz d)
[    69.350] (II) modeset(0): Modeline "840x525"x119.8   59.50  840 864 880 920  525 526 529 540 doublescan +hsync -vsync (64.7 kHz d)
[    69.350] (II) modeset(0): Modeline "864x486"x59.9   32.50  864 888 968 1072  486 489 494 506 -hsync +vsync (30.3 kHz d)
[    69.350] (II) modeset(0): Modeline "864x486"x59.6   30.50  864 912 944 1024  486 489 494 500 +hsync -vsync (29.8 kHz d)
[    69.350] (II) modeset(0): Modeline "800x512"x120.3   51.56  800 800 828 832  512 512 514 515 doublescan +hsync +vsync (62.0 kHz d)
[    69.350] (II) modeset(0): Modeline "700x525"x120.0   61.00  700 744 820 940  525 526 532 541 doublescan +hsync +vsync (64.9 kHz d)
[    69.350] (II) modeset(0): Modeline "800x450"x119.9   59.12  800 848 928 1056  450 451 454 467 doublescan -hsync +vsync (56.0 kHz d)
[    69.350] (II) modeset(0): Modeline "800x450"x119.6   48.75  800 824 840 880  450 451 454 463 doublescan +hsync -vsync (55.4 kHz d)
[    69.350] (II) modeset(0): Modeline "640x512"x120.0   54.00  640 664 720 844  512 512 514 533 doublescan +hsync +vsync (64.0 kHz d)
[    69.350] (II) modeset(0): Modeline "720x450"x119.8   53.25  720 760 836 952  450 451 454 467 doublescan -hsync +vsync (55.9 kHz d)
[    69.350] (II) modeset(0): Modeline "700x450"x119.9   51.75  700 740 812 924  450 451 456 467 doublescan -hsync +vsync (56.0 kHz d)
[    69.350] (II) modeset(0): Modeline "700x450"x119.8   43.25  700 724 740 780  450 451 456 463 doublescan +hsync -vsync (55.4 kHz d)
[    69.350] (II) modeset(0): Modeline "640x480"x120.0   54.00  640 688 744 900  480 480 482 500 doublescan +hsync +vsync (60.0 kHz d)
[    69.350] (II) modeset(0): Modeline "640x480"x59.9   25.18  640 656 752 800  480 490 492 525 -hsync -vsync (31.5 kHz d)
[    69.350] (II) modeset(0): Modeline "720x405"x59.5   22.50  720 744 808 896  405 408 413 422 -hsync +vsync (25.1 kHz d)
[    69.350] (II) modeset(0): Modeline "720x405"x59.0   21.75  720 768 800 880  405 408 413 419 +hsync -vsync (24.7 kHz d)
[    69.350] (II) modeset(0): Modeline "684x384"x119.8   42.62  684 720 788 892  384 385 390 399 doublescan -hsync +vsync (47.8 kHz d)
[    69.350] (II) modeset(0): Modeline "684x384"x119.7   36.12  684 708 724 764  384 385 390 395 doublescan +hsync -vsync (47.3 kHz d)
[    69.350] (II) modeset(0): Modeline "680x384"x119.6   42.38  680 716 784 888  384 385 390 399 doublescan -hsync +vsync (47.7 kHz d)
[    69.350] (II) modeset(0): Modeline "680x384"x119.9   36.00  680 704 720 760  384 385 390 395 doublescan +hsync -vsync (47.4 kHz d)
[    69.350] (II) modeset(0): Modeline "640x400"x119.8   41.75  640 676 740 840  400 401 404 415 doublescan -hsync +vsync (49.7 kHz d)
[    69.350] (II) modeset(0): Modeline "640x400"x120.0   35.50  640 664 680 720  400 401 404 411 doublescan +hsync -vsync (49.3 kHz d)
[    69.350] (II) modeset(0): Modeline "576x432"x120.1   40.81  576 608 668 760  432 432 434 447 doublescan -hsync +vsync (53.7 kHz d)
[    69.350] (II) modeset(0): Modeline "640x360"x119.7   37.25  640 672 736 832  360 361 364 374 doublescan -hsync +vsync (44.8 kHz d)
[    69.351] (II) modeset(0): Modeline "640x360"x119.7   31.88  640 664 680 720  360 361 364 370 doublescan +hsync -vsync (44.3 kHz d)
[    69.351] (II) modeset(0): Modeline "640x360"x59.8   18.00  640 664 720 800  360 363 368 376 -hsync +vsync (22.5 kHz d)
[    69.351] (II) modeset(0): Modeline "640x360"x59.3   17.75  640 688 720 800  360 363 368 374 +hsync -vsync (22.2 kHz d)
[    69.351] (II) modeset(0): Modeline "512x384"x120.0   32.50  512 524 592 672  384 385 388 403 doublescan -hsync -vsync (48.4 kHz d)
[    69.351] (II) modeset(0): Modeline "512x288"x120.0   23.25  512 532 580 648  288 289 292 299 doublescan -hsync +vsync (35.9 kHz d)
[    69.351] (II) modeset(0): Modeline "512x288"x119.8   21.00  512 536 552 592  288 289 292 296 doublescan +hsync -vsync (35.5 kHz d)
[    69.351] (II) modeset(0): Modeline "480x270"x119.3   20.38  480 496 544 608  270 271 274 281 doublescan -hsync +vsync (33.5 kHz d)
[    69.351] (II) modeset(0): Modeline "480x270"x119.6   18.62  480 504 520 560  270 271 274 278 doublescan +hsync -vsync (33.3 kHz d)
[    69.351] (II) modeset(0): Modeline "400x300"x120.6   20.00  400 420 484 528  300 300 302 314 doublescan +hsync +vsync (37.9 kHz d)
[    69.351] (II) modeset(0): Modeline "400x300"x112.7   18.00  400 412 448 512  300 300 301 312 doublescan +hsync +vsync (35.2 kHz d)
[    69.351] (II) modeset(0): Modeline "432x243"x119.8   16.25  432 444 484 536  243 244 247 253 doublescan -hsync +vsync (30.3 kHz d)
[    69.351] (II) modeset(0): Modeline "432x243"x119.1   15.25  432 456 472 512  243 244 247 250 doublescan +hsync -vsync (29.8 kHz d)
[    69.351] (II) modeset(0): Modeline "320x240"x120.1   12.59  320 328 376 400  240 245 246 262 doublescan -hsync -vsync (31.5 kHz d)
[    69.351] (II) modeset(0): Modeline "360x202"x119.0   11.25  360 372 404 448  202 204 206 211 doublescan -hsync +vsync (25.1 kHz d)
[    69.351] (II) modeset(0): Modeline "360x202"x118.3   10.88  360 384 400 440  202 204 206 209 doublescan +hsync -vsync (24.7 kHz d)
[    69.351] (II) modeset(0): Modeline "320x180"x119.7    9.00  320 332 360 400  180 181 184 188 doublescan -hsync +vsync (22.5 kHz d)
[    69.351] (II) modeset(0): Modeline "320x180"x118.6    8.88  320 344 360 400  180 181 184 187 doublescan +hsync -vsync (22.2 kHz d)
[    69.352] (II) modeset(0): EDID for output VGA-1
[    69.353] (II) modeset(0): EDID for output HDMI-1
[    69.353] (II) modeset(0): EDID for output DP-1
[    69.355] (II) modeset(0): EDID for output HDMI-2
[    69.356] (II) modeset(0): EDID for output HDMI-3
[    69.357] (II) modeset(0): EDID for output DP-2
[    69.357] (II) modeset(0): EDID for output DP-3
[    69.357] (II) modeset(0): Output LVDS-1 connected
[    69.357] (II) modeset(0): Output VGA-1 disconnected
[    69.357] (II) modeset(0): Output HDMI-1 disconnected
[    69.357] (II) modeset(0): Output DP-1 disconnected
[    69.357] (II) modeset(0): Output HDMI-2 disconnected
[    69.357] (II) modeset(0): Output HDMI-3 disconnected
[    69.357] (II) modeset(0): Output DP-2 disconnected
[    69.357] (II) modeset(0): Output DP-3 disconnected
[    69.357] (II) modeset(0): Using exact sizes for initial modes
[    69.357] (II) modeset(0): Output LVDS-1 using initial mode 1366x768 +0+0
[    69.357] (==) modeset(0): Using gamma correction (1.0, 1.0, 1.0)
[    69.357] (==) modeset(0): DPI set to (96, 96)
[    69.357] (II) Loading sub module "fb"
[    69.357] (II) LoadModule: "fb"
[    69.357] (II) Loading /usr/lib/xorg/modules/libfb.so
[    69.358] (II) Module fb: vendor="X.Org Foundation"
[    69.358] 	compiled for 1.20.1, module version = 1.0.0
[    69.358] 	ABI class: X.Org ANSI C Emulation, version 0.4
[    69.358] (II) UnloadModule: "fbdev"
[    69.358] (II) Unloading fbdev
[    69.358] (II) UnloadSubModule: "fbdevhw"
[    69.358] (II) Unloading fbdevhw
[    69.358] (II) UnloadModule: "vesa"
[    69.358] (II) Unloading vesa
[    69.371] (==) modeset(0): Backing store enabled
[    69.371] (==) modeset(0): Silken mouse enabled
[    69.400] (II) modeset(0): Initializing kms color map for depth 24, 8 bpc.
[    69.401] (==) modeset(0): DPMS enabled
[    69.402] (II) modeset(0): [DRI2] Setup complete
[    69.402] (II) modeset(0): [DRI2]   DRI driver: i965
[    69.402] (II) modeset(0): [DRI2]   VDPAU driver: i965
[    69.402] (II) Initializing extension Generic Event Extension
[    69.403] (II) Initializing extension SHAPE
[    69.403] (II) Initializing extension MIT-SHM
[    69.404] (II) Initializing extension XInputExtension
[    69.404] (II) Initializing extension XTEST
[    69.404] (II) Initializing extension BIG-REQUESTS
[    69.405] (II) Initializing extension SYNC
[    69.405] (II) Initializing extension XKEYBOARD
[    69.405] (II) Initializing extension XC-MISC
[    69.405] (II) Initializing extension SECURITY
[    69.405] (II) Initializing extension XFIXES
[    69.405] (II) Initializing extension RENDER
[    69.406] (II) Initializing extension RANDR
[    69.406] (II) Initializing extension COMPOSITE
[    69.406] (II) Initializing extension DAMAGE
[    69.406] (II) Initializing extension MIT-SCREEN-SAVER
[    69.406] (II) Initializing extension DOUBLE-BUFFER
[    69.406] (II) Initializing extension RECORD
[    69.407] (II) Initializing extension DPMS
[    69.407] (II) Initializing extension Present
[    69.407] (II) Initializing extension DRI3
[    69.407] (II) Initializing extension X-Resource
[    69.407] (II) Initializing extension XVideo
[    69.407] (II) Initializing extension XVideo-MotionCompensation
[    69.407] (II) Initializing extension SELinux
[    69.407] (II) SELinux: Disabled on system
[    69.407] (II) Initializing extension GLX
[    69.417] (II) AIGLX: Loaded and initialized i965
[    69.417] (II) GLX: Initialized DRI2 GL provider for screen 0
[    69.417] (II) Initializing extension XFree86-VidModeExtension
[    69.417] (II) Initializing extension XFree86-DGA
[    69.417] (II) Initializing extension XFree86-DRI
[    69.417] (II) Initializing extension DRI2
[    69.419] (II) modeset(0): Damage tracking initialized
[    69.419] (II) modeset(0): Setting screen physical size to 361 x 203
[    69.465] (II) config/udev: Adding input device Power Button (/dev/input/event3)
[    69.465] (**) Power Button: Applying InputClass "libinput keyboard catchall"
[    69.465] (II) LoadModule: "libinput"
[    69.465] (II) Loading /usr/lib/xorg/modules/input/libinput_drv.so
[    69.468] (II) Module libinput: vendor="X.Org Foundation"
[    69.468] 	compiled for 1.20.1, module version = 0.28.1
[    69.468] 	Module class: X.Org XInput Driver
[    69.468] 	ABI class: X.Org XInput driver, version 24.1
[    69.468] (II) Using input driver 'libinput' for 'Power Button'
[    69.469] (II) systemd-logind: got fd for /dev/input/event3 13:67 fd 21 paused 0
[    69.469] (**) Power Button: always reports core events
[    69.469] (**) Option "Device" "/dev/input/event3"
[    69.469] (**) Option "_source" "server/udev"
[    69.469] (II) event3  - Power Button: is tagged by udev as: Keyboard
[    69.469] (II) event3  - Power Button: device is a keyboard
[    69.469] (II) event3  - Power Button: device removed
[    69.469] (**) Option "config_info" "udev:/sys/devices/LNXSYSTM:00/LNXPWRBN:00/input/input3/event3"
[    69.469] (II) XINPUT: Adding extended input device "Power Button" (type: KEYBOARD, id 6)
[    69.469] (**) Option "xkb_model" "pc105"
[    69.469] (**) Option "xkb_layout" "us"
[    69.470] (II) event3  - Power Button: is tagged by udev as: Keyboard
[    69.470] (II) event3  - Power Button: device is a keyboard
[    69.471] (II) config/udev: Adding input device Video Bus (/dev/input/event5)
[    69.471] (**) Video Bus: Applying InputClass "libinput keyboard catchall"
[    69.471] (II) Using input driver 'libinput' for 'Video Bus'
[    69.472] (II) systemd-logind: got fd for /dev/input/event5 13:69 fd 24 paused 0
[    69.472] (**) Video Bus: always reports core events
[    69.472] (**) Option "Device" "/dev/input/event5"
[    69.472] (**) Option "_source" "server/udev"
[    69.473] (II) event5  - Video Bus: is tagged by udev as: Keyboard
[    69.473] (II) event5  - Video Bus: device is a keyboard
[    69.473] (II) event5  - Video Bus: device removed
[    69.473] (**) Option "config_info" "udev:/sys/devices/LNXSYSTM:00/LNXSYBUS:00/PNP0A08:00/LNXVIDEO:00/input/input7/event5"
[    69.473] (II) XINPUT: Adding extended input device "Video Bus" (type: KEYBOARD, id 7)
[    69.473] (**) Option "xkb_model" "pc105"
[    69.473] (**) Option "xkb_layout" "us"
[    69.474] (II) event5  - Video Bus: is tagged by udev as: Keyboard
[    69.474] (II) event5  - Video Bus: device is a keyboard
[    69.474] (II) config/udev: Adding input device Power Button (/dev/input/event1)
[    69.474] (**) Power Button: Applying InputClass "libinput keyboard catchall"
[    69.474] (II) Using input driver 'libinput' for 'Power Button'
[    69.475] (II) systemd-logind: got fd for /dev/input/event1 13:65 fd 25 paused 0
[    69.475] (**) Power Button: always reports core events
[    69.475] (**) Option "Device" "/dev/input/event1"
[    69.475] (**) Option "_source" "server/udev"
[    69.476] (II) event1  - Power Button: is tagged by udev as: Keyboard
[    69.476] (II) event1  - Power Button: device is a keyboard
[    69.476] (II) event1  - Power Button: device removed
[    69.476] (**) Option "config_info" "udev:/sys/devices/LNXSYSTM:00/LNXSYBUS:00/PNP0C0C:00/input/input1/event1"
[    69.476] (II) XINPUT: Adding extended input device "Power Button" (type: KEYBOARD, id 8)
[    69.476] (**) Option "xkb_model" "pc105"
[    69.476] (**) Option "xkb_layout" "us"
[    69.477] (II) event1  - Power Button: is tagged by udev as: Keyboard
[    69.477] (II) event1  - Power Button: device is a keyboard
[    69.477] (II) config/udev: Adding input device Lid Switch (/dev/input/event0)
[    69.477] (II) No input driver specified, ignoring this device.
[    69.477] (II) This device may have been added with another device file.
[    69.477] (II) config/udev: Adding input device Sleep Button (/dev/input/event2)
[    69.477] (**) Sleep Button: Applying InputClass "libinput keyboard catchall"
[    69.478] (II) Using input driver 'libinput' for 'Sleep Button'
[    69.478] (II) systemd-logind: got fd for /dev/input/event2 13:66 fd 26 paused 0
[    69.478] (**) Sleep Button: always reports core events
[    69.478] (**) Option "Device" "/dev/input/event2"
[    69.478] (**) Option "_source" "server/udev"
[    69.479] (II) event2  - Sleep Button: is tagged by udev as: Keyboard
[    69.479] (II) event2  - Sleep Button: device is a keyboard
[    69.479] (II) event2  - Sleep Button: device removed
[    69.479] (**) Option "config_info" "udev:/sys/devices/LNXSYSTM:00/LNXSYBUS:00/PNP0C0E:00/input/input2/event2"
[    69.479] (II) XINPUT: Adding extended input device "Sleep Button" (type: KEYBOARD, id 9)
[    69.479] (**) Option "xkb_model" "pc105"
[    69.479] (**) Option "xkb_layout" "us"
[    69.480] (II) event2  - Sleep Button: is tagged by udev as: Keyboard
[    69.480] (II) event2  - Sleep Button: device is a keyboard
[    69.481] (II) config/udev: Adding input device Laptop_Integrated_Webcam_HD: In (/dev/input/event15)
[    69.481] (**) Laptop_Integrated_Webcam_HD: In: Applying InputClass "libinput keyboard catchall"
[    69.481] (II) Using input driver 'libinput' for 'Laptop_Integrated_Webcam_HD: In'
[    69.482] (II) systemd-logind: got fd for /dev/input/event15 13:79 fd 27 paused 0
[    69.482] (**) Laptop_Integrated_Webcam_HD: In: always reports core events
[    69.482] (**) Option "Device" "/dev/input/event15"
[    69.482] (**) Option "_source" "server/udev"
[    69.483] (II) event15 - Laptop_Integrated_Webcam_HD: In: is tagged by udev as: Keyboard
[    69.483] (II) event15 - Laptop_Integrated_Webcam_HD: In: device is a keyboard
[    69.483] (II) event15 - Laptop_Integrated_Webcam_HD: In: device removed
[    69.483] (**) Option "config_info" "udev:/sys/devices/pci0000:00/0000:00:1a.0/usb1/1-1/1-1.5/1-1.5:1.0/input/input16/event15"
[    69.483] (II) XINPUT: Adding extended input device "Laptop_Integrated_Webcam_HD: In" (type: KEYBOARD, id 10)
[    69.483] (**) Option "xkb_model" "pc105"
[    69.483] (**) Option "xkb_layout" "us"
[    69.483] (II) event15 - Laptop_Integrated_Webcam_HD: In: is tagged by udev as: Keyboard
[    69.483] (II) event15 - Laptop_Integrated_Webcam_HD: In: device is a keyboard
[    69.484] (II) config/udev: Adding input device HDA Intel PCH Mic (/dev/input/event9)
[    69.484] (II) No input driver specified, ignoring this device.
[    69.484] (II) This device may have been added with another device file.
[    69.484] (II) config/udev: Adding input device HDA Intel PCH Dock Line Out (/dev/input/event10)
[    69.484] (II) No input driver specified, ignoring this device.
[    69.484] (II) This device may have been added with another device file.
[    69.485] (II) config/udev: Adding input device HDA Intel PCH Headphone (/dev/input/event11)
[    69.485] (II) No input driver specified, ignoring this device.
[    69.485] (II) This device may have been added with another device file.
[    69.485] (II) config/udev: Adding input device HDA Intel PCH HDMI/DP,pcm=3 (/dev/input/event12)
[    69.485] (II) No input driver specified, ignoring this device.
[    69.485] (II) This device may have been added with another device file.
[    69.485] (II) config/udev: Adding input device HDA Intel PCH HDMI/DP,pcm=7 (/dev/input/event13)
[    69.485] (II) No input driver specified, ignoring this device.
[    69.485] (II) This device may have been added with another device file.
[    69.486] (II) config/udev: Adding input device HDA Intel PCH HDMI/DP,pcm=8 (/dev/input/event14)
[    69.486] (II) No input driver specified, ignoring this device.
[    69.486] (II) This device may have been added with another device file.
[    69.486] (II) config/udev: Adding input device HDA Intel PCH Dock Mic (/dev/input/event8)
[    69.486] (II) No input driver specified, ignoring this device.
[    69.486] (II) This device may have been added with another device file.
[    69.487] (II) config/udev: Adding input device PixArt Dell MS116 USB Optical Mouse (/dev/input/event16)
[    69.487] (**) PixArt Dell MS116 USB Optical Mouse: Applying InputClass "libinput pointer catchall"
[    69.487] (II) Using input driver 'libinput' for 'PixArt Dell MS116 USB Optical Mouse'
[    69.487] (II) systemd-logind: got fd for /dev/input/event16 13:80 fd 28 paused 0
[    69.487] (**) PixArt Dell MS116 USB Optical Mouse: always reports core events
[    69.487] (**) Option "Device" "/dev/input/event16"
[    69.488] (**) Option "_source" "server/udev"
[    69.489] (II) event16 - PixArt Dell MS116 USB Optical Mouse: is tagged by udev as: Mouse
[    69.489] (II) event16 - PixArt Dell MS116 USB Optical Mouse: device set to 1000 DPI
[    69.489] (II) event16 - PixArt Dell MS116 USB Optical Mouse: device is a pointer
[    69.489] (II) event16 - PixArt Dell MS116 USB Optical Mouse: device removed
[    69.489] (**) Option "config_info" "udev:/sys/devices/pci0000:00/0000:00:1d.0/usb2/2-1/2-1.1/2-1.1:1.0/0003:413C:301A.0001/input/input17/event16"
[    69.489] (II) XINPUT: Adding extended input device "PixArt Dell MS116 USB Optical Mouse" (type: MOUSE, id 11)
[    69.489] (**) Option "AccelerationScheme" "none"
[    69.489] (**) PixArt Dell MS116 USB Optical Mouse: (accel) selected scheme none/0
[    69.489] (**) PixArt Dell MS116 USB Optical Mouse: (accel) acceleration factor: 2.000
[    69.489] (**) PixArt Dell MS116 USB Optical Mouse: (accel) acceleration threshold: 4
[    69.489] (II) event16 - PixArt Dell MS116 USB Optical Mouse: is tagged by udev as: Mouse
[    69.489] (II) event16 - PixArt Dell MS116 USB Optical Mouse: device set to 1000 DPI
[    69.489] (II) event16 - PixArt Dell MS116 USB Optical Mouse: device is a pointer
[    69.490] (II) config/udev: Adding input device PixArt Dell MS116 USB Optical Mouse (/dev/input/mouse1)
[    69.490] (II) No input driver specified, ignoring this device.
[    69.490] (II) This device may have been added with another device file.
[    69.491] (II) config/udev: Adding input device Dell WMI hotkeys (/dev/input/event6)
[    69.491] (**) Dell WMI hotkeys: Applying InputClass "libinput keyboard catchall"
[    69.491] (II) Using input driver 'libinput' for 'Dell WMI hotkeys'
[    69.491] (II) systemd-logind: got fd for /dev/input/event6 13:70 fd 29 paused 0
[    69.492] (**) Dell WMI hotkeys: always reports core events
[    69.492] (**) Option "Device" "/dev/input/event6"
[    69.492] (**) Option "_source" "server/udev"
[    69.492] (II) event6  - Dell WMI hotkeys: is tagged by udev as: Keyboard
[    69.492] (II) event6  - Dell WMI hotkeys: device is a keyboard
[    69.492] (II) event6  - Dell WMI hotkeys: device removed
[    69.493] (**) Option "config_info" "udev:/sys/devices/platform/PNP0C14:00/wmi_bus/wmi_bus-PNP0C14:00/9DBB5994-A997-11DA-B012-B622A1EF5492/input/input8/event6"
[    69.493] (II) XINPUT: Adding extended input device "Dell WMI hotkeys" (type: KEYBOARD, id 12)
[    69.493] (**) Option "xkb_model" "pc105"
[    69.493] (**) Option "xkb_layout" "us"
[    69.493] (II) event6  - Dell WMI hotkeys: is tagged by udev as: Keyboard
[    69.493] (II) event6  - Dell WMI hotkeys: device is a keyboard
[    69.494] (II) config/udev: Adding input device AT Translated Set 2 keyboard (/dev/input/event4)
[    69.494] (**) AT Translated Set 2 keyboard: Applying InputClass "libinput keyboard catchall"
[    69.494] (II) Using input driver 'libinput' for 'AT Translated Set 2 keyboard'
[    69.495] (II) systemd-logind: got fd for /dev/input/event4 13:68 fd 30 paused 0
[    69.495] (**) AT Translated Set 2 keyboard: always reports core events
[    69.495] (**) Option "Device" "/dev/input/event4"
[    69.495] (**) Option "_source" "server/udev"
[    69.496] (II) event4  - AT Translated Set 2 keyboard: is tagged by udev as: Keyboard
[    69.496] (II) event4  - AT Translated Set 2 keyboard: device is a keyboard
[    69.496] (II) event4  - AT Translated Set 2 keyboard: device removed
[    69.496] (**) Option "config_info" "udev:/sys/devices/platform/i8042/serio0/input/input4/event4"
[    69.496] (II) XINPUT: Adding extended input device "AT Translated Set 2 keyboard" (type: KEYBOARD, id 13)
[    69.496] (**) Option "xkb_model" "pc105"
[    69.496] (**) Option "xkb_layout" "us"
[    69.496] (II) event4  - AT Translated Set 2 keyboard: is tagged by udev as: Keyboard
[    69.496] (II) event4  - AT Translated Set 2 keyboard: device is a keyboard
[    69.497] (II) config/udev: Adding input device AlpsPS/2 ALPS GlidePoint (/dev/input/event7)
[    69.497] (**) AlpsPS/2 ALPS GlidePoint: Applying InputClass "libinput touchpad catchall"
[    69.497] (II) Using input driver 'libinput' for 'AlpsPS/2 ALPS GlidePoint'
[    69.498] (II) systemd-logind: got fd for /dev/input/event7 13:71 fd 31 paused 0
[    69.498] (**) AlpsPS/2 ALPS GlidePoint: always reports core events
[    69.498] (**) Option "Device" "/dev/input/event7"
[    69.498] (**) Option "_source" "server/udev"
[    69.499] (II) event7  - AlpsPS/2 ALPS GlidePoint: is tagged by udev as: Touchpad
[    69.499] (II) event7  - AlpsPS/2 ALPS GlidePoint: no resolution or size hints, assuming a size of 69x50mm
[    69.499] (II) event7  - AlpsPS/2 ALPS GlidePoint: device is a touchpad
[    69.499] (II) event7  - AlpsPS/2 ALPS GlidePoint: device removed
[    69.499] (**) Option "config_info" "udev:/sys/devices/platform/i8042/serio1/input/input6/event7"
[    69.499] (II) XINPUT: Adding extended input device "AlpsPS/2 ALPS GlidePoint" (type: TOUCHPAD, id 14)
[    69.500] (**) Option "AccelerationScheme" "none"
[    69.500] (**) AlpsPS/2 ALPS GlidePoint: (accel) selected scheme none/0
[    69.500] (**) AlpsPS/2 ALPS GlidePoint: (accel) acceleration factor: 2.000
[    69.500] (**) AlpsPS/2 ALPS GlidePoint: (accel) acceleration threshold: 4
[    69.500] (II) event7  - AlpsPS/2 ALPS GlidePoint: is tagged by udev as: Touchpad
[    69.500] (II) event7  - AlpsPS/2 ALPS GlidePoint: no resolution or size hints, assuming a size of 69x50mm
[    69.500] (II) event7  - AlpsPS/2 ALPS GlidePoint: device is a touchpad
[    69.501] (II) config/udev: Adding input device AlpsPS/2 ALPS GlidePoint (/dev/input/mouse0)
[    69.501] (II) No input driver specified, ignoring this device.
[    69.501] (II) This device may have been added with another device file.
[    70.013] (II) modeset(0): EDID vendor "LGD", prod id 747
[    70.013] (II) modeset(0): Printing DDC gathered Modelines:
[    70.013] (II) modeset(0): Modeline "1366x768"x0.0   70.00  1366 1402 1450 1492  768 771 776 782 -hsync -vsync (46.9 kHz eP)
[    70.013] (II) modeset(0): Modeline "1366x768"x0.0   48.30  1366 1402 1450 1524  768 771 776 792 -hsync -vsync (31.7 kHz e)
[   152.317] (II) modeset(0): EDID vendor "LGD", prod id 747
[   152.317] (II) modeset(0): Printing DDC gathered Modelines:
[   152.317] (II) modeset(0): Modeline "1366x768"x0.0   70.00  1366 1402 1450 1492  768 771 776 782 -hsync -vsync (46.9 kHz eP)
[   152.317] (II) modeset(0): Modeline "1366x768"x0.0   48.30  1366 1402 1450 1524  768 771 776 792 -hsync -vsync (31.7 kHz e)
[   152.324] (II) modeset(0): EDID vendor "LGD", prod id 747
[   152.324] (II) modeset(0): Printing DDC gathered Modelines:
[   152.324] (II) modeset(0): Modeline "1366x768"x0.0   70.00  1366 1402 1450 1492  768 771 776 782 -hsync -vsync (46.9 kHz eP)
[   152.324] (II) modeset(0): Modeline "1366x768"x0.0   48.30  1366 1402 1450 1524  768 771 776 792 -hsync -vsync (31.7 kHz e)
[  2412.660] (II) modeset(0): EDID vendor "LGD", prod id 747
[  2412.660] (II) modeset(0): Printing DDC gathered Modelines:
[  2412.660] (II) modeset(0): Modeline "1366x768"x0.0   70.00  1366 1402 1450 1492  768 771 776 782 -hsync -vsync (46.9 kHz eP)
[  2412.660] (II) modeset(0): Modeline "1366x768"x0.0   48.30  1366 1402 1450 1524  768 771 776 792 -hsync -vsync (31.7 kHz e)
